[2014-09-11 20:51:57.095] [INFO] ResourceLoader - Creating first instance of ResourceLoader
[2014-09-11 20:51:57.099] [INFO] ResourceLoader - c:\Users\Somenath\AppraisalServer\config\properties.json
[2014-09-11 20:51:57.100] [INFO] ResourceLoader - sending instanceOf ResourceLoader[object Object]
[2014-09-11 20:51:57.106] [INFO] ResourceLoader - sending instanceOf ResourceLoader[object Object]
[2014-09-11 20:51:57.490] [DEBUG] ResourceLoader - DB DB_USER_NAME
[2014-09-11 20:51:57.491] [DEBUG] ResourceLoader - DB DB_PASSWORD
[2014-09-11 20:51:57.492] [DEBUG] ResourceLoader - DB DB_CONNECTION_URL
[2014-09-11 20:51:57.492] [DEBUG] ResourceLoader - DB DB_CONNECTION_PORT
[2014-09-11 20:51:57.493] [DEBUG] ResourceLoader - DB DB_DATABASE_SCHEMA
[2014-09-11 20:51:57.493] [INFO] ConnectDBInstance - Connection Starts
[2014-09-11 20:51:57.504] [INFO] ConnectDBInstance - Connection Class Ends
[2014-09-11 20:51:57.513] [INFO] ResourceLoader - sending instanceOf ResourceLoader[object Object]
[2014-09-11 20:51:57.514] [DEBUG] ResourceLoader - Constant SALT_WORK_FACTOR
[2014-09-11 20:51:57.525] [INFO] UserVO - Creating first instance of UserVO
[2014-09-11 20:51:57.526] [DEBUG] UserVO - sending object = [object Object]
[2014-09-11 20:51:57.527] [DEBUG] ResourceLoader - API_KEY VALIDATE_USER
[2014-09-11 20:52:00.571] [DEBUG] UserRoute - Setting up CORS for services
[2014-09-11 20:52:00.573] [DEBUG] UserRoute - apiKey check
[2014-09-11 20:52:00.575] [DEBUG] UserRoute - apiKey validated correct
[2014-09-11 20:52:00.576] [INFO] UserRoute - passeds value=somenath.ghosh84@gmail.com ghosh
[2014-09-11 20:52:01.416] [INFO] http - 127.0.0.1 - - "GET /api/v1/checkUserCredential?userName=somenath.ghosh84@gmail.com&password=ghosh&apiKey=df5cb700-395b-11e4-916c-0800200c9a66 HTTP/1.1" 200 - "" "Mozilla/5.0 (Windows NT 6.1; WOW64) AppleWebKit/537.36 (KHTML, like Gecko) Chrome/37.0.2062.103 Safari/537.36"
[2014-09-11 20:55:03.055] [DEBUG] UserRoute - Setting up CORS for services
[2014-09-11 20:55:03.057] [DEBUG] UserRoute - apiKey check
[2014-09-11 20:55:03.059] [DEBUG] UserRoute - apiKey validated correct
[2014-09-11 20:55:03.063] [INFO] UserRoute - passeds value=somenath.ghosh84@gmail.com ghosh
[2014-09-11 20:55:04.140] [INFO] http - 127.0.0.1 - - "GET /api/v1/checkUserCredential?userName=somenath.ghosh84@gmail.com&password=ghosh&apiKey=df5cb700-395b-11e4-916c-0800200c9a66&tags=mount+rainier&tagmode=any&format=json HTTP/1.1" 200 - "" "Mozilla/5.0 (Windows NT 6.1; WOW64) AppleWebKit/537.36 (KHTML, like Gecko) Chrome/37.0.2062.103 Safari/537.36"
[2014-09-11 20:55:34.205] [DEBUG] UserRoute - Setting up CORS for services
[2014-09-11 20:55:34.220] [DEBUG] UserRoute - apiKey check
[2014-09-11 20:55:34.222] [DEBUG] UserRoute - apiKey validated correct
[2014-09-11 20:55:34.223] [INFO] UserRoute - passeds value=somenath.ghosh84@gmail.com ghosh
[2014-09-11 20:55:35.292] [INFO] http - 127.0.0.1 - - "GET /api/v1/checkUserCredential?userName=somenath.ghosh84@gmail.com&password=ghosh&apiKey=df5cb700-395b-11e4-916c-0800200c9a66&tags=mount+rainier&tagmode=any&format=json HTTP/1.1" 200 - "" "Mozilla/5.0 (Windows NT 6.1; WOW64) AppleWebKit/537.36 (KHTML, like Gecko) Chrome/37.0.2062.103 Safari/537.36"
[2014-09-11 20:55:39.292] [DEBUG] UserRoute - Setting up CORS for services
[2014-09-11 20:55:39.293] [DEBUG] UserRoute - apiKey check
[2014-09-11 20:55:39.294] [DEBUG] UserRoute - apiKey validated correct
[2014-09-11 20:55:39.297] [INFO] UserRoute - passeds value=somenath.ghosh84@gmail.com ghosh
[2014-09-11 20:55:40.307] [INFO] http - 127.0.0.1 - - "GET /api/v1/checkUserCredential?userName=somenath.ghosh84@gmail.com&password=ghosh&apiKey=df5cb700-395b-11e4-916c-0800200c9a66&tags=mount+rainier&tagmode=any&format=json HTTP/1.1" 200 - "" "Mozilla/5.0 (Windows NT 6.1; WOW64) AppleWebKit/537.36 (KHTML, like Gecko) Chrome/37.0.2062.103 Safari/537.36"
[2014-09-11 20:56:29.588] [DEBUG] UserRoute - Setting up CORS for services
[2014-09-11 20:56:29.590] [DEBUG] UserRoute - apiKey check
[2014-09-11 20:56:29.591] [DEBUG] UserRoute - apiKey validated correct
[2014-09-11 20:56:29.592] [INFO] UserRoute - passeds value=somenath.ghosh84@gmail.com ghosh
[2014-09-11 20:56:30.956] [INFO] http - 127.0.0.1 - - "GET /api/v1/checkUserCredential?userName=somenath.ghosh84@gmail.com&password=ghosh&apiKey=df5cb700-395b-11e4-916c-0800200c9a66&tags=mount+rainier&tagmode=any&format=json HTTP/1.1" 200 - "" "Mozilla/5.0 (Windows NT 6.1; WOW64) AppleWebKit/537.36 (KHTML, like Gecko) Chrome/37.0.2062.103 Safari/537.36"
[2014-09-11 20:57:07.724] [DEBUG] UserRoute - Setting up CORS for services
[2014-09-11 20:57:07.725] [DEBUG] UserRoute - apiKey check
[2014-09-11 20:57:07.726] [DEBUG] UserRoute - apiKey validated correct
[2014-09-11 20:57:07.727] [INFO] UserRoute - passeds value=somenath.ghosh84@gmail.com ghosh
[2014-09-11 20:57:08.788] [INFO] http - 127.0.0.1 - - "GET /api/v1/checkUserCredential?userName=somenath.ghosh84@gmail.com&password=ghosh&apiKey=df5cb700-395b-11e4-916c-0800200c9a66 HTTP/1.1" 200 - "" "Mozilla/5.0 (Windows NT 6.1; WOW64) AppleWebKit/537.36 (KHTML, like Gecko) Chrome/37.0.2062.103 Safari/537.36"
[2014-09-11 20:57:08.791] [DEBUG] UserRoute - Setting up CORS for services
[2014-09-11 20:57:08.792] [DEBUG] UserRoute - apiKey check
[2014-09-11 20:57:08.793] [DEBUG] UserRoute - apiKey validated correct
[2014-09-11 20:57:08.794] [INFO] UserRoute - passeds value=somenath.ghosh84@gmail.com ghosh
[2014-09-11 20:57:09.765] [INFO] http - 127.0.0.1 - - "GET /api/v1/checkUserCredential?userName=somenath.ghosh84@gmail.com&password=ghosh&apiKey=df5cb700-395b-11e4-916c-0800200c9a66 HTTP/1.1" 200 - "" "Mozilla/5.0 (Windows NT 6.1; WOW64) AppleWebKit/537.36 (KHTML, like Gecko) Chrome/37.0.2062.103 Safari/537.36"
[2014-09-11 20:57:09.769] [DEBUG] UserRoute - Setting up CORS for services
[2014-09-11 20:57:09.770] [DEBUG] UserRoute - apiKey check
[2014-09-11 20:57:09.771] [DEBUG] UserRoute - apiKey validated correct
[2014-09-11 20:57:09.772] [INFO] UserRoute - passeds value=somenath.ghosh84@gmail.com ghosh
[2014-09-11 20:57:10.755] [INFO] http - 127.0.0.1 - - "GET /api/v1/checkUserCredential?userName=somenath.ghosh84@gmail.com&password=ghosh&apiKey=df5cb700-395b-11e4-916c-0800200c9a66 HTTP/1.1" 200 - "" "Mozilla/5.0 (Windows NT 6.1; WOW64) AppleWebKit/537.36 (KHTML, like Gecko) Chrome/37.0.2062.103 Safari/537.36"
[2014-09-11 20:57:36.542] [DEBUG] UserRoute - Setting up CORS for services
[2014-09-11 20:57:36.543] [DEBUG] UserRoute - apiKey check
[2014-09-11 20:57:36.545] [DEBUG] UserRoute - apiKey validated correct
[2014-09-11 20:57:36.546] [INFO] UserRoute - passeds value=somenath.ghosh84@gmail.com ghosh
[2014-09-11 20:57:37.586] [INFO] http - 127.0.0.1 - - "GET /api/v1/checkUserCredential?userName=somenath.ghosh84@gmail.com&password=ghosh&apiKey=df5cb700-395b-11e4-916c-0800200c9a66 HTTP/1.1" 200 - "" "Mozilla/5.0 (Windows NT 6.1; WOW64) AppleWebKit/537.36 (KHTML, like Gecko) Chrome/37.0.2062.103 Safari/537.36"
[2014-09-11 20:59:05.760] [DEBUG] UserRoute - Setting up CORS for services
[2014-09-11 20:59:05.762] [DEBUG] UserRoute - apiKey check
[2014-09-11 20:59:05.763] [ERROR] UserRoute - apiKey wrong df5cb700-395b-11e4-916c-0800200c9a6
[2014-09-11 20:59:05.766] [ERROR] http - 127.0.0.1 - - "GET /api/v1/checkUserCredential?userName=somenath.ghosh84@gmail.com&password=ghosh&apiKey=df5cb700-395b-11e4-916c-0800200c9a6 HTTP/1.1" 403 - "" "Mozilla/5.0 (Windows NT 6.1; WOW64) AppleWebKit/537.36 (KHTML, like Gecko) Chrome/37.0.2062.103 Safari/537.36"
[2014-09-11 20:59:31.405] [DEBUG] UserRoute - Setting up CORS for services
[2014-09-11 20:59:31.406] [DEBUG] UserRoute - apiKey check
[2014-09-11 20:59:31.407] [DEBUG] UserRoute - apiKey validated correct
[2014-09-11 20:59:31.408] [INFO] UserRoute - passeds value=somenath.ghosh84@gmail.com ghosh
[2014-09-11 20:59:32.451] [INFO] http - 127.0.0.1 - - "GET /api/v1/checkUserCredential?userName=somenath.ghosh84@gmail.com&password=ghosh&apiKey=df5cb700-395b-11e4-916c-0800200c9a66 HTTP/1.1" 200 - "" "Mozilla/5.0 (Windows NT 6.1; WOW64) AppleWebKit/537.36 (KHTML, like Gecko) Chrome/37.0.2062.103 Safari/537.36"
[2014-09-11 21:00:31.801] [DEBUG] UserRoute - Setting up CORS for services
[2014-09-11 21:00:31.802] [DEBUG] UserRoute - apiKey check
[2014-09-11 21:00:31.803] [ERROR] UserRoute - apiKey wrong undefined
[2014-09-11 21:00:31.804] [ERROR] http - 127.0.0.1 - - "GET /api/v1/checkUserCredential?userName=somenath.ghosh84@gmail.com HTTP/1.1" 403 - "" "curl/7.26.0"
[2014-09-11 21:02:01.402] [DEBUG] UserRoute - Setting up CORS for services
[2014-09-11 21:02:01.403] [DEBUG] UserRoute - apiKey check
[2014-09-11 21:02:01.404] [ERROR] UserRoute - apiKey wrong undefined
[2014-09-11 21:02:01.405] [ERROR] http - 127.0.0.1 - - "GET /api/v1/checkUserCredential?userName=somenath.ghosh84@gmail.com HTTP/1.1" 403 - "" "curl/7.26.0"
[2014-09-11 21:04:00.185] [DEBUG] UserRoute - Setting up CORS for services
[2014-09-11 21:04:00.187] [DEBUG] UserRoute - apiKey check
[2014-09-11 21:04:00.188] [DEBUG] UserRoute - apiKey validated correct
[2014-09-11 21:04:00.188] [INFO] UserRoute - passeds value=somenath.ghosh84@gmail.com ghosh
[2014-09-11 21:04:01.146] [INFO] http - 127.0.0.1 - - "GET /api/v1/checkUserCredential?userName=somenath.ghosh84@gmail.com&password=ghosh&apiKey=df5cb700-395b-11e4-916c-0800200c9a66 HTTP/1.1" 200 - "" "curl/7.26.0"
[2014-09-11 21:05:32.726] [DEBUG] UserRoute - Setting up CORS for services
[2014-09-11 21:05:32.727] [DEBUG] UserRoute - apiKey check
[2014-09-11 21:05:32.728] [DEBUG] UserRoute - apiKey validated correct
[2014-09-11 21:05:32.729] [INFO] UserRoute - passeds value=somenath.ghosh84@gmail.com ghosh
[2014-09-11 21:05:33.699] [INFO] http - 127.0.0.1 - - "GET /api/v1/checkUserCredential?userName=somenath.ghosh84@gmail.com&password=ghosh&apiKey=df5cb700-395b-11e4-916c-0800200c9a66 HTTP/1.1" 200 - "" "curl/7.26.0"
[2014-09-11 21:06:53.712] [DEBUG] UserRoute - Setting up CORS for services
[2014-09-11 21:06:53.713] [DEBUG] UserRoute - apiKey check
[2014-09-11 21:06:53.714] [ERROR] UserRoute - apiKey wrong df5cb700-395b-11e4-916c-0800200c9a6
[2014-09-11 21:06:53.715] [ERROR] http - 127.0.0.1 - - "GET /api/v1/checkUserCredential?userName=somenath.ghosh84@gmail.com&password=ghosh&apiKey=df5cb700-395b-11e4-916c-0800200c9a6 HTTP/1.1" 403 - "" "curl/7.26.0"
[2014-09-11 21:07:14.973] [DEBUG] UserRoute - Setting up CORS for services
[2014-09-11 21:07:14.974] [DEBUG] UserRoute - apiKey check
[2014-09-11 21:07:14.976] [DEBUG] UserRoute - apiKey validated correct
[2014-09-11 21:07:14.976] [INFO] UserRoute - passeds value=somenath.ghosh84@gmail.com ghos
[2014-09-11 21:07:15.931] [ERROR] http - 127.0.0.1 - - "GET /api/v1/checkUserCredential?userName=somenath.ghosh84@gmail.com&password=ghos&apiKey=df5cb700-395b-11e4-916c-0800200c9a66 HTTP/1.1" 401 - "" "curl/7.26.0"
